0:100  0:100  MemLog inited, TSC freq: 2394455954
0:100  0:000  
0:100  0:000  Now is 31.12.2017,  22:26:58 (GMT)
0:100  0:000  Starting Clover revision: 4122 on American Megatrends EFI
0:100  0:000  Build with: [Args: -mc --no-usb -D NO_GRUB_DRIVERS_EMBEDDED -D CHECK_FLAGS -t XCODE8 | -D DISABLE_USB_SUPPORT -D NO_GRUB_DRIVERS_EMBEDDED -D CHECK_FLAGS -D USE_BIOS_BLOCKIO -D USE_LOW_EBDA -a X64 -b RELEASE -t XCODE8 -n 9 | OS: 10.12.6 | XCODE: 8.3.3]
0:100  0:000  SelfDevicePath=PciRoot(0x0)\Pci(0x1D,0x0)\USB(0x0,0x0)\USB(0x1,0x0)\HD(1,MBR,0x005C002F,0x2000,0xEFE800) @C9846098
0:100  0:000  SelfDirPath = \EFI\BOOT
0:100  0:000  === [ Get Smbios ] ========================================
0:100  0:000  Type 16 Index = 0
0:100  0:000  Total Memory Slots Count = 2
0:100  0:000  Type 17 Index = 0
0:100  0:000  SmbiosTable.Type17->Speed = 1600MHz
0:100  0:000  SmbiosTable.Type17->Size = 4096MB
0:100  0:000  SmbiosTable.Type17->Bank/Device = BANK 0 ChannelA-DIMM0
0:100  0:000  SmbiosTable.Type17->Vendor = Samsung
0:100  0:000  SmbiosTable.Type17->SerialNumber = 55000000
0:100  0:000  SmbiosTable.Type17->PartNumber = K4E6E304EB-EGCG   
0:100  0:000  Type 17 Index = 1
0:100  0:000  SmbiosTable.Type17->Speed = 1600MHz
0:100  0:000  SmbiosTable.Type17->Size = 4096MB
0:100  0:000  SmbiosTable.Type17->Bank/Device = BANK 2 ChannelB-DIMM0
0:100  0:000  SmbiosTable.Type17->Vendor = Samsung
0:100  0:000  SmbiosTable.Type17->SerialNumber = 55000000
0:100  0:000  SmbiosTable.Type17->PartNumber = K4E6E304EB-EGCG   
0:100  0:000  Boot status=0
0:100  0:000  Running on: '500R4K_500R5H_5400RK_501R5H_5500RH_500R5S' with board 'NP500R5H-Y0ACN'
0:100  0:000  === [ GetCPUProperties ] ==================================
0:100  0:000  CPU Vendor = 756E6547 Model=306D4
0:100  0:000   The CPU supported SSE4.1
0:100  0:000   The CPU supported turbo
0:100  0:000  BrandString = Intel(R) Core(TM) i7-5500U CPU @ 2.40GHz
0:100  0:000  MSR 0xE2 before patch 1E008405
0:100  0:000  MSR 0xE2 is locked, PM patches will be turned on
0:100  0:000  MSR 0xCE              0005053B_F3011800
0:100  0:000  MSR 0x1A0             00850089
0:100  0:000  corrected FLEX_RATIO = 0
0:100  0:000  MSR 0x1B0             00000000
0:100  0:000  FSBFrequency = 100 MHz, DMI FSBFrequency = 100 MHz, Corrected FSBFrequency = 100 MHz
0:100  0:000  MaxDiv/MinDiv: 24.0/5
0:100  0:000  Turbo: 29/29/29/30
0:100  0:000  Features: 0xBFEBFBFF
0:100  0:000  Threads: 4
0:100  0:000  Cores: 2
0:100  0:000  FSB: 100 MHz
0:100  0:000  CPU: 2400 MHz
0:100  0:000  TSC: 2400 MHz
0:100  0:000  PIS: 100 MHz
0:100  0:000  ExternalClock: 25 MHz
0:100  0:000  === [ GetDevices ] ========================================
0:100  0:000  PCI (00|00:00.00) : 8086 1604 class=060000
0:100  0:000  PCI (00|00:02.00) : 8086 1616 class=030000
0:100  0:000   - GFX: Model=Intel HD Graphics 5500 (Intel)
0:100  0:000  PCI (00|00:03.00) : 8086 160C class=040300
0:100  0:000  PCI (00|00:14.00) : 8086 9CB1 class=0C0330
0:100  0:000  PCI (00|00:16.00) : 8086 9CBA class=078000
0:100  0:000  PCI (00|00:16.01) : FFFF FFFF class=FFFFFF
0:100  0:000  PCI (00|00:1B.00) : 8086 9CA0 class=040300
0:100  0:000  PCI (00|00:1C.00) : 8086 9C94 class=060400
0:100  0:000  PCI (00|01:00.00) : 168C 0042 class=028000
0:100  0:000   - WIFI: Vendor=Atheros
0:100  0:000  PCI (00|00:1C.03) : 8086 9C96 class=060400
0:100  0:000  PCI (00|02:00.00) : 10EC 8168 class=020000
0:100  0:000   - LAN: 0 Vendor=Realtek
0:100  0:000  PCI (00|00:1C.04) : 8086 9C98 class=060400
0:100  0:000  PCI (00|03:00.00) : 10DE 1347 class=030200
0:100  0:000  PCI (00|00:1D.00) : 8086 9CA6 class=0C0320
0:100  0:000  PCI (00|00:1F.00) : 8086 9CC3 class=060100
0:100  0:000  PCI (00|00:1F.02) : 8086 9C83 class=010601
0:100  0:000  PCI (00|00:1F.03) : 8086 9CA2 class=0C0500
0:100  0:000  === [ GetDefaultSettings ] ================================
0:100  0:000  Clover load options size = 0 bytes
0:107  0:006  EFI\CLOVER\config.plist loaded: Success
0:107  0:000  === [ GetListOfThemes ] ===================================
0:110  0:003  - [00]: random
0:115  0:005  - [00]: theme_01
0:121  0:006  - [01]: theme_02
0:124  0:003  - [02]: theme_03
0:127  0:003  === [ Found config plists ] ===============================
0:130  0:002  - config.plist
0:130  0:000  === [ GetEarlyUserSettings ] ==============================
0:130  0:000  timeout set to 3
0:130  0:000  Custom boot CUSTOM_BOOT_DISABLED (0x0)
0:130  0:000  KextsToPatch: 17 requested
0:130  0:000   - [00]: IOAHCIBlockStorage (TRIM function for non-Apple SSDs) :: BinPatch :: data len: 10
0:130  0:000   - [01]: AppleUSBXHCIPCI (10.12) :: BinPatch :: data len: 7
0:130  0:000   - [02]: IONVMeFamily (IONVMeFamily Pike R. Alpha Patch#1) :: BinPatch :: data len: 10
0:130  0:000   - [03]: IONVMeFamily (IONVMeFamily Pike R. Alpha Patch#2) :: BinPatch :: data len: 16
0:130  0:000   - [04]: IONVMeFamily (IONVMeFamily Pike R. Alpha Patch#3) :: BinPatch :: data len: 16
0:130  0:000   - [05]: IONVMeFamily (IONVMeFamily Pike R. Alpha Patch#4) :: BinPatch :: data len: 16
0:130  0:000   - [06]: IONVMeFamily (IONVMeFamily Pike R. Alpha Patch#5) :: BinPatch :: data len: 16
0:130  0:000   - [07]: IONVMeFamily (IONVMeFamily Pike R. Alpha Patch#6_7) :: BinPatch :: data len: 20
0:130  0:000   - [08]: IONVMeFamily (IONVMeFamily Pike R. Alpha Patch#8) :: BinPatch :: data len: 16
0:130  0:000   - [09]: IONVMeFamily (IONVMeFamily Pike R. Alpha Patch#9_10) :: BinPatch :: data len: 44
0:130  0:000   - [10]: IONVMeFamily (IONVMeFamily Pike R. Alpha Patch#11) :: BinPatch :: data len: 16
0:130  0:000   - [11]: IONVMeFamily (IONVMeFamily Pike R. Alpha Patch#12) :: BinPatch :: data len: 16
0:130  0:000   - [12]: IONVMeFamily (IONVMeFamily Pike R. Alpha Patch#13) :: BinPatch :: data len: 16
0:130  0:000   - [13]: IONVMeFamily (IONVMeFamily Pike R. Alpha Patch#14) :: BinPatch :: data len: 16
0:130  0:000   - [14]: IONVMeFamily (IONVMeFamily Pike R. Alpha Patch#15) :: BinPatch :: data len: 16
0:130  0:000   - [15]: IONVMeFamily (IONVMeFamily Pike R. Alpha Patch#16) :: BinPatch :: data len: 16
0:130  0:000   - [16]: IONVMeFamily (IONVMeFamily Pike R. Alpha Patch#17) :: BinPatch :: data len: 16
0:130  0:000  Default theme: imac.hk
0:130  0:000  Hiding entries with string \EFI\BOOT\BOOTX64.EFI
0:130  0:000  Hiding entries with string Windows
0:130  0:000  === [ LoadDrivers ] =======================================
0:133  0:003  Loading AppleImageCodec-64.efi  status=Success
0:133  0:000  Loading AppleKeyAggregator-64.efi  status=Success
0:133  0:000  Loading AppleUITheme-64.efi  status=Success
0:133  0:000  Loading DataHubDxe-64.efi  status=Success
0:135  0:001  Loading FirmwareVolume-64.efi  status=Success
0:135  0:000  Loading FSInject-64.efi  status=Success
0:138  0:003  Loading OsxAptioFixDrv-64.efi  status=Success
0:138  0:000  Loading OsxFatBinaryDrv-64.efi  status=Success
0:138  0:000  Loading SMCHelper-64.efi  status=Success
0:138  0:000  Loading VBoxHfs-64.efi  status=Success
0:142  0:003   - driver needs connecting
0:142  0:000  1 drivers needs connecting ...
0:142  0:000  PlatformDriverOverrideProtocol->GetDriver overriden
0:142  0:000  Searching for invalid DiskIo BY_DRIVER connects: not found, all ok
0:254  0:112  === [ InitScreen ] ========================================
0:254  0:000  SetScreenResolution: 1920x1080 - already set
0:254  0:000  Console modes reported: 4, available modes:
0:254  0:000   - [01]: 80x25
0:254  0:000   - [02]: 80x50
0:254  0:000   - [03]: 100x31
0:254  0:000   - [04]: 240x56 (current mode)
0:255  0:000  reinit: self device path=PciRoot(0x0)\Pci(0x1D,0x0)\USB(0x0,0x0)\USB(0x1,0x0)\HD(1,MBR,0x005C002F,0x2000,0xEFE800)
0:255  0:000  Using embedded font: Success
0:256  0:000  === [ GetMacAddress ] =====================================
0:256  0:000  MAC address of LAN #0= 98:83:89:25:83:3E:
0:256  0:000  MAC address of LAN #1= 98:83:89:25:83:3E:
0:256  0:000  MAC address of LAN #2= 98:83:89:25:83:3E:
0:256  0:000  MAC address of LAN #3= 98:83:89:25:83:3E:
0:256  0:000  === [ ScanSPD ] ===========================================
0:256  0:000  SMBus device : 8086 9CA2 class=0C0500 status=Success
0:256  0:000  SMBus CmdReg: 0x3
0:256  0:000  Scanning SMBus [8086:9CA2], mmio: 0xF7118004, ioport: 0xF040, hostc: 0x11
0:256  0:000  Slots to scan [8]...
0:257  0:001  === [ GetAcpiTablesList ] =================================
0:257  0:000  Get Acpi Tables List from RSDT:
0:257  0:000   - [00]: FACP  LH43STAR len=132
0:257  0:000   - [01]: APIC  LH43STAR len=132
0:257  0:000   - [02]: FPDT  LH43STAR len=68
0:257  0:000   - [03]: FIDT  LH43STAR len=176
0:257  0:000   - [04]: MCFG  LH43STAR len=60
0:257  0:000   - [05]: HPET  LH43STAR len=56
0:257  0:000   - [06]: SSDT  SataTabl len=789
0:257  0:000   - [07]: UEFI   len=66
0:257  0:000   - [08]: LPIT   len=148
0:257  0:000   - [09]: MSDM  LH43STAR len=85
0:257  0:000   - [10]: SSDT  Cpu0Ist len=1337
0:257  0:000   - [11]: SSDT  CpuSsdt len=2932
0:257  0:000   - [12]: SSDT  CtdpB len=1086
0:257  0:000   - [13]: SSDT  SaSsdt  len=23599
0:257  0:000   - [14]: SSDT  SgPch len=1313
0:257  0:000   - [15]: DMAR  BDW  len=176
0:257  0:000   - [16]: BGRT  LH43STAR len=56
0:257  0:000   - [17]: SSDT  OptTabl len=5121
0:257  0:000  Calibrated TSC Frequency = 2394455954 = 2394MHz
0:258  0:000  === [ GetUserSettings ] ===================================
0:258  0:000  USB FixOwnership: yes
0:258  0:000  Dropping 2 tables:
0:258  0:000   - [00]: Drop table  signature="SSDT" (54445353) table-id="CpuPm" (0000006D50757043)
0:258  0:000           - set table: 54445353,       6D50757043 to drop: no
0:258  0:000   - [01]: Drop table  signature="DMAR" (52414D44)
0:258  0:000           - set table: 52414D44,                0 to drop: yes
0:258  0:000   - final DSDT Fix mask=00000000
0:258  0:000  ChassisType: 0xD
0:261  0:003  === [ ScanVolumes ] =======================================
0:261  0:000  Found 10 volumes with blockIO
0:261  0:000  - [00]: Volume: PciRoot(0x0)\Pci(0x1D,0x0)\USB(0x0,0x0)\USB(0x1,0x0)
0:262  0:001          Result of bootcode detection: bootable unknown (legacy)
0:262  0:000          USB volume
0:262  0:000          USB volume
0:262  0:000  - [01]: Volume: PciRoot(0x0)\Pci(0x1D,0x0)\USB(0x0,0x0)\USB(0x1,0x0)\HD(1,MBR,0x005C002F,0x2000,0xEFE800)
0:263  0:000          Result of bootcode detection: bootable Clover (clover)
0:263  0:000          USB volume
0:263  0:000          USB volume
0:263  0:000          This is SelfVolume !!
0:263  0:000  - [02]: Volume: PciRoot(0x0)\Pci(0x1F,0x2)\Sata(0x0,0xFFFF,0x0)
0:264  0:000  - [03]: Volume: PciRoot(0x0)\Pci(0x1F,0x2)\Sata(0x1,0xFFFF,0x0)
0:264  0:000  - [04]: Volume: PciRoot(0x0)\Pci(0x1F,0x2)\Sata(0x0,0xFFFF,0x0)\HD(1,GPT,927D41F4-600B-401F-9671-E89027909EFB,0x28,0x64000)
0:265  0:000          Result of bootcode detection: bootable unknown (legacy)
0:265  0:000  - [05]: Volume: PciRoot(0x0)\Pci(0x1F,0x2)\Sata(0x0,0xFFFF,0x0)\HD(2,GPT,C3D0697A-B2F8-439A-8576-0272C82F43FA,0x64028,0xECE2340)
0:265  0:000  - [06]: Volume: PciRoot(0x0)\Pci(0x1F,0x2)\Sata(0x0,0xFFFF,0x0)\HD(3,GPT,CA1F6A94-2C80-4844-B424-D50ABE80C7BD,0xED46368,0x135F20)
0:266  0:000  - [07]: Volume: PciRoot(0x0)\Pci(0x1F,0x2)\Sata(0x1,0xFFFF,0x0)\HD(1,GPT,E10D4697-76C5-463E-BB95-2FA3B84AA176,0x800,0xC800800)
0:266  0:000          Result of bootcode detection: bootable Windows (vista,win)
0:266  0:000  - [08]: Volume: PciRoot(0x0)\Pci(0x1F,0x2)\Sata(0x1,0xFFFF,0x0)\HD(2,GPT,B7695293-E9B3-474F-A49D-37700E9D85E2,0xC801000,0xC800800)
0:267  0:000          Result of bootcode detection: bootable Windows (vista,win)
0:267  0:000  - [09]: Volume: PciRoot(0x0)\Pci(0x1F,0x2)\Sata(0x1,0xFFFF,0x0)\HD(3,GPT,9625760E-EE91-42F2-A753-4E4EAB7E7B61,0x19001800,0x2138480F)
0:267  0:000          Result of bootcode detection: bootable Windows (vista,win)
0:268  0:000  === [ InitTheme ] =========================================
0:268  0:000  GlobalConfig: theme.plist not found, get random theme theme_02
0:268  0:000  Using theme 'theme_02' (EFI\CLOVER\themes\theme_02)
0:268  0:000  OS main and drive as badge
0:268  0:000  Warning! Character width 23 should be even!
0:272  0:004  Loading font from ThemeDir: Success
0:273  0:000  Choosing theme theme_02
0:273  0:000  after NVRAM boot-args=dart=0 nv_disable=1
0:273  0:000  === [ Dump SMC keys from NVRAM ] ==========================
0:273  0:000  found AppleSMC protocol
0:286  0:012  === [ ScanLoader ] ========================================
0:286  0:000  - [01]: 'CLOVER'
0:289  0:003          AddLoaderEntry for Volume Name=CLOVER
0:292  0:003  not png, try icns
0:298  0:006  not png, try icns
0:298  0:000  - [04]: 'EFI'
0:298  0:000  - [05]: 'Mac OS 10.12.6'
0:305  0:006          AddLoaderEntry for Volume Name=Mac OS 10.12.6
0:308  0:002      Check if volume Is Hibernated:
0:308  0:000      Check sleep image 'by signature':
0:322  0:014      using default sleep image name = \private\var\vm\sleepimage
0:328  0:005      no valid sleep image offset was found
0:328  0:000       sleepimage offset could not be acquired
0:328  0:000      hibernated: no - sign
0:334  0:006  not png, try icns
0:337  0:003  not png, try icns
0:338  0:000  - [06]: 'Recovery HD'
0:339  0:001          AddLoaderEntry for Volume Name=Recovery HD
0:339  0:000  not png, try icns
0:346  0:006  not png, try icns
0:346  0:000  === [ AddCustomTool ] =====================================
0:356  0:010  === [ GetEfiBootDeviceFromNvram ] =========================
0:356  0:000  Default boot entry not found
0:356  0:000  DefaultIndex=-1 and MainMenu.EntryCount=7
1:285  0:928  GUI ready
11:254  9:968  BootVariable of the entry is empty
11:254  0:000  === [ StartLoader ] =======================================
11:254  0:000  Finally: ExternalClock=24MHz BusSpeed=99768kHz CPU=2394MHz PIS: hw.busfrequency=96000000Hz
11:254  0:000  Loading boot.efi  status=Success
11:405  0:151  GetOSVersion: 10.12.6 (16G29)
11:405  0:000  CSR_CFG: CSR_ALLOW_UNTRUSTED_KEXTS | CSR_ALLOW_UNRESTRICTED_FS | CSR_ALLOW_TASK_FOR_PID | CSR_ALLOW_UNRESTRICTED_DTRACE | CSR_ALLOW_UNRESTRICTED_NVRAM
11:405  0:000  Filtering KextPatches:
11:405  0:000   - [00]: IOAHCIBlockStorage (TRIM function for non-Apple SSDs) :: BinPatch :: [OS: 10.12.6 | MatchOS: All | MatchBuild: All] ==> allowed
11:405  0:000   - [01]: AppleUSBXHCIPCI (10.12) :: BinPatch :: [OS: 10.12.6 | MatchOS: All | MatchBuild: All] ==> allowed
11:405  0:000   - [02]: IONVMeFamily (IONVMeFamily Pike R. Alpha Patch#1) :: BinPatch :: [OS: 10.12.6 | MatchOS: All | MatchBuild: All] ==> allowed
11:405  0:000   - [03]: IONVMeFamily (IONVMeFamily Pike R. Alpha Patch#2) :: BinPatch :: [OS: 10.12.6 | MatchOS: All | MatchBuild: All] ==> allowed
11:405  0:000   - [04]: IONVMeFamily (IONVMeFamily Pike R. Alpha Patch#3) :: BinPatch :: [OS: 10.12.6 | MatchOS: All | MatchBuild: All] ==> allowed
11:405  0:000   - [05]: IONVMeFamily (IONVMeFamily Pike R. Alpha Patch#4) :: BinPatch :: [OS: 10.12.6 | MatchOS: All | MatchBuild: All] ==> allowed
11:405  0:000   - [06]: IONVMeFamily (IONVMeFamily Pike R. Alpha Patch#5) :: BinPatch :: [OS: 10.12.6 | MatchOS: All | MatchBuild: All] ==> allowed
11:405  0:000   - [07]: IONVMeFamily (IONVMeFamily Pike R. Alpha Patch#6_7) :: BinPatch :: [OS: 10.12.6 | MatchOS: All | MatchBuild: All] ==> allowed
11:405  0:000   - [08]: IONVMeFamily (IONVMeFamily Pike R. Alpha Patch#8) :: BinPatch :: [OS: 10.12.6 | MatchOS: All | MatchBuild: All] ==> allowed
11:405  0:000   - [09]: IONVMeFamily (IONVMeFamily Pike R. Alpha Patch#9_10) :: BinPatch :: [OS: 10.12.6 | MatchOS: All | MatchBuild: All] ==> allowed
11:405  0:000   - [10]: IONVMeFamily (IONVMeFamily Pike R. Alpha Patch#11) :: BinPatch :: [OS: 10.12.6 | MatchOS: All | MatchBuild: All] ==> allowed
11:405  0:000   - [11]: IONVMeFamily (IONVMeFamily Pike R. Alpha Patch#12) :: BinPatch :: [OS: 10.12.6 | MatchOS: All | MatchBuild: All] ==> allowed
11:405  0:000   - [12]: IONVMeFamily (IONVMeFamily Pike R. Alpha Patch#13) :: BinPatch :: [OS: 10.12.6 | MatchOS: All | MatchBuild: All] ==> allowed
11:405  0:000   - [13]: IONVMeFamily (IONVMeFamily Pike R. Alpha Patch#14) :: BinPatch :: [OS: 10.12.6 | MatchOS: All | MatchBuild: All] ==> allowed
11:405  0:000   - [14]: IONVMeFamily (IONVMeFamily Pike R. Alpha Patch#15) :: BinPatch :: [OS: 10.12.6 | MatchOS: All | MatchBuild: All] ==> allowed
11:405  0:000   - [15]: IONVMeFamily (IONVMeFamily Pike R. Alpha Patch#16) :: BinPatch :: [OS: 10.12.6 | MatchOS: All | MatchBuild: All] ==> allowed
11:405  0:000   - [16]: IONVMeFamily (IONVMeFamily Pike R. Alpha Patch#17) :: BinPatch :: [OS: 10.12.6 | MatchOS: All | MatchBuild: All] ==> allowed
11:405  0:000  === [ PatchSmbios ] =======================================
11:405  0:000  insert table 9 for dev 0:0
11:405  0:000  insert table 9 for dev 0:0
11:406  0:000  Trusting SMBIOS...
11:406  0:000  Detected alternating SMBIOS channel banks
11:406  0:000  Channels: 2
11:406  0:000  Interleave: 0 2 1 3 4 6 5 7 8 10 9 11 12 14 13 15 16 18 17 19 20 22 21 23
11:406  0:000   partNum=K4E6E304EB-EGCG   
11:406  0:000  SMBIOS Type 17 Index = 0 => 0 0:
11:406  0:000  BANK 0 DIMM0 1600MHz 4096MB
11:406  0:000   partNum=K4E6E304EB-EGCG   
11:406  0:000  SMBIOS Type 17 Index = 1 => 1 2:
11:406  0:000  BANK 1 DIMM0 1600MHz 4096MB
11:406  0:000  mTotalSystemMemory = 8192
11:406  0:000  NumberOfMemoryDevices = 2
11:406  0:000  Type20[0]->End = 0x3FFFFF, Type17[0] = 0x1000
11:406  0:000  Type20[1]->End = 0x7FFFFF, Type17[1] = 0x3000
11:406  0:000  Table 131 is present, CPUType=31
11:406  0:000  Change to: 706
11:406  0:000  === [ PatchACPI ] =========================================
11:406  0:000  RSDT 0xCABD4028
11:406  0:000  FADT from RSDT: 0xCABD4158
11:406  0:000  XSDT 0xCABD4098
11:406  0:000  FADT from XSDT: 0xCABE1A80
11:406  0:000  Xsdt reallocation done
11:406  0:000  old FADT length=10C
11:406  0:000  Apply DsdtFixMask=0x00000000
11:406  0:000     drop _DSM mask=0x0000
11:406  0:000  === [ FixBiosDsdt ] =======================================
11:406  0:000  VideoCard devID=0x16168086
11:406  0:000  DisplayADR1[0] = 0x20000, DisplayADR2[0] = 0xFFFE
11:504  0:097  Audio HDA (addr:0x30000) setting specified layout-id=5 (0x5)
11:504  0:000  USBADR[0] = 0x140000 and PCIe = 0xFFFE
11:602  0:097  Audio HDA (addr:0x1B0000) setting specified layout-id=5 (0x5)
11:602  0:000  Found Airport Atheros at 0x1C0000, 0x0, DeviceID=0x0042
11:602  0:000  USBADR[1] = 0x1D0000 and PCIe = 0xFFFE
11:602  0:000  first CPU found at 3F78 offset 3F7B
11:602  0:000  score candidate at 3F74
11:602  0:000  score inserted in acpi_cpu_score _PR_
11:602  0:000  Found ACPI CPU: CPU0 | CPU1 | CPU2 | CPU3 | CPU4 | CPU5 | CPU6 | CPU7 , within the score: _PR_
11:603  0:000  Found PCIROOTUID = 0
11:603  0:000  === [ ACPIDropTables ] ====================================
11:603  0:000  Drop tables from Xsdt, SIGN=DMAR TableID=BDW  Length=176
11:603  0:000   Xsdt has tables count=18
11:603  0:000   Table: DMAR  BDW   176 dropped
11:603  0:000  === [ PatchAllSSDT ] ======================================
11:603  0:000  Patch table: SSDT  SataTabl len=0x315
11:603  0:000  Patch table: SSDT  Cpu0Ist len=0x539
11:603  0:000  Patch table: SSDT  CpuSsdt len=0xB74
11:603  0:000  Patch table: SSDT  CtdpB len=0x43E
11:603  0:000  Patch table: SSDT  SaSsdt  len=0x5C2F
11:603  0:000  Patch table: SSDT  SgPch len=0x521
11:603  0:000  Patch table: SSDT  OptTabl len=0x1401
11:603  0:000  Drop tables from Xsdt, SIGN=XXXX TableID= Length=0
11:603  0:000   Xsdt has tables count=17
11:603  0:000  === [ ACPIPatchedAML ] ====================================
11:603  0:000  Unsorted
11:603  0:000  Inserting SSDT-Disable_DGPU.aml from EFI\CLOVER\ACPI\patched ... Success
11:608  0:005  CPUBase=0 and ApicCPUBase=1 ApicCPUNum=1
11:608  0:000  === [ RestSetup macOS ] ===================================
11:608  0:000  EdidDiscovered size=128
11:608  0:000  ------- EDID Table
11:608  0:000  000  |  00  FF  FF  FF  FF  FF  FF  00  09  E5
11:608  0:000  010  |  2B  06  00  00  00  00  01  18  01  04
11:608  0:000  020  |  95  22  13  78  02  B0  90  97  58  54
11:608  0:000  030  |  92  26  1D  50  54  00  00  00  01  01
11:608  0:000  040  |  01  01  01  01  01  01  01  01  01  01
11:608  0:000  050  |  01  01  01  01  3C  37  80  DE  70  38
11:608  0:000  060  |  14  40  30  20  36  00  58  C1  10  00
11:608  0:000  070  |  00  1A  00  00  00  00  00  00  00  00
11:608  0:000  080  |  00  00  00  00  00  00  00  00  00  00
11:608  0:000  090  |  00  00  00  FE  00  42  4F  45  20  48
11:608  0:000  100  |  46  0A  20  20  20  20  20  20  00  00
11:608  0:000  110  |  00  FE  00  48  42  31  35  36  46  48
11:608  0:000  120  |  31  2D  34  30  31  0A  00  E8
11:608  0:000  Intel GFX injection not set
11:608  0:000   setting specified layout-id=5 (0x5)
11:608  0:000   setting specified layout-id=5 (0x5)
11:608  0:000  stringlength = 1942
11:608  0:000  CurrentMode: Width=1920 Height=1080
11:608  0:000  Beginning FSInjection
FSInjectionInstall ...
- Our FSI_SIMPLE_FILE_SYSTEM_PROTOCOL installed on handle: C882A218
FSInjectionInstall ...
- Our FSI_SIMPLE_FILE_SYSTEM_PROTOCOL installed on handle: C882A218
11:615  0:006  Use origin smbios table type 1 guid.
11:615  0:000  MSR 0x1B0   set to        00000000
11:619  0:004  Preparing kexts injection for arch=x86_64 from EFI\CLOVER\kexts\Other
11:623  0:003    Extra kext: EFI\CLOVER\kexts\Other\IntelGraphicsFixup.kext
11:629  0:006    Extra kext: EFI\CLOVER\kexts\Other\AppleACPIPlatform.kext
11:674  0:044      Extra PlugIn kext: EFI\CLOVER\kexts\Other\AppleACPIPlatform.kext\Contents\PlugIns\AppleACPIButtons.kext
11:681  0:007      Extra PlugIn kext: EFI\CLOVER\kexts\Other\AppleACPIPlatform.kext\Contents\PlugIns\AppleACPIEC.kext
11:691  0:009    Extra kext: EFI\CLOVER\kexts\Other\FakeSMC.kext
11:698  0:007    Extra kext: EFI\CLOVER\kexts\Other\HWInfo.kext
11:705  0:006    Extra kext: EFI\CLOVER\kexts\Other\NullCPUPowerManagement.kext
11:711  0:006    Extra kext: EFI\CLOVER\kexts\Other\NullEthernet.kext
11:715  0:003    Extra kext: EFI\CLOVER\kexts\Other\NvidiaGraphicsFixup.kext
11:719  0:004    Extra kext: EFI\CLOVER\kexts\Other\RealtekRTL8111.kext
11:744  0:024    Extra kext: EFI\CLOVER\kexts\Other\Lilu.kext
11:759  0:015    Extra kext: EFI\CLOVER\kexts\Other\AppleALC.kext
11:795  0:035      Extra PlugIn kext: EFI\CLOVER\kexts\Other\AppleALC.kext\Contents\PlugIns\PinConfigs.kext
11:872  0:076    Extra kext: EFI\CLOVER\kexts\Other\VoodooPS2Controller.kext
11:885  0:012      Extra PlugIn kext: EFI\CLOVER\kexts\Other\VoodooPS2Controller.kext\Contents\PlugIns\VoodooPS2Keyboard.kext
11:915  0:030      Extra PlugIn kext: EFI\CLOVER\kexts\Other\VoodooPS2Controller.kext\Contents\PlugIns\VoodooPS2Mouse.kext
11:925  0:009      Extra PlugIn kext: EFI\CLOVER\kexts\Other\VoodooPS2Controller.kext\Contents\PlugIns\VoodooPS2Trackpad.kext
11:948  0:023    Extra kext: EFI\CLOVER\kexts\Other\USBInjectAll.kext
12:135  0:186  Preparing kexts injection for arch=x86_64 from EFI\CLOVER\kexts\10.12
12:138  0:003    Extra kext: EFI\CLOVER\kexts\10.12\AtherosE2200Ethernet.kext
12:157  0:019    Extra kext: EFI\CLOVER\kexts\10.12\VoodooHDA.kext
12:192  0:034  Custom boot is disabled
12:192  0:000  Closing log
